{"contracts/Fee.sol":{"l":{"28":4,"29":2,"43":8,"44":8,"45":8,"46":8,"52":4,"58":3,"60":2,"61":2,"62":2,"70":2,"71":2,"72":2},"path":"/Users/tikonoff/projects/staking-master/contracts/Fee.sol","s":{"1":4,"2":8,"3":8,"4":8,"5":8,"6":4,"7":3,"8":2,"9":2,"10":2,"11":2,"12":2,"13":2},"b":{"1":[2,2],"2":[2,1]},"f":{"1":4,"2":8,"3":4,"4":3,"5":2},"fnMap":{"1":{"name":"onlyMinter","line":27,"loc":{"start":{"line":27,"column":2},"end":{"line":27,"column":21}}},"2":{"name":"Fee","line":33,"loc":{"start":{"line":33,"column":2},"end":{"line":42,"column":3}}},"3":{"name":"setMinter","line":51,"loc":{"start":{"line":51,"column":2},"end":{"line":51,"column":78}}},"4":{"name":"burnTokens","line":57,"loc":{"start":{"line":57,"column":2},"end":{"line":57,"column":57}}},"5":{"name":"sendTokens","line":69,"loc":{"start":{"line":69,"column":2},"end":{"line":69,"column":99}}}},"statementMap":{"1":{"start":{"line":28,"column":4},"end":{"line":28,"column":32}},"2":{"start":{"line":43,"column":4},"end":{"line":43,"column":21}},"3":{"start":{"line":44,"column":4},"end":{"line":44,"column":20}},"4":{"start":{"line":45,"column":4},"end":{"line":45,"column":27}},"5":{"start":{"line":46,"column":4},"end":{"line":46,"column":24}},"6":{"start":{"line":52,"column":4},"end":{"line":52,"column":19}},"7":{"start":{"line":58,"column":4},"end":{"line":58,"column":42}},"8":{"start":{"line":60,"column":4},"end":{"line":60,"column":68}},"9":{"start":{"line":61,"column":4},"end":{"line":61,"column":60}},"10":{"start":{"line":62,"column":4},"end":{"line":62,"column":27}},"11":{"start":{"line":70,"column":4},"end":{"line":70,"column":54}},"12":{"start":{"line":71,"column":4},"end":{"line":71,"column":60}},"13":{"start":{"line":72,"column":4},"end":{"line":72,"column":36}}},"branchMap":{"1":{"line":28,"type":"if","locations":[{"start":{"line":28,"column":4},"end":{"line":28,"column":4}},{"start":{"line":28,"column":4},"end":{"line":28,"column":4}}]},"2":{"line":58,"type":"if","locations":[{"start":{"line":58,"column":4},"end":{"line":58,"column":4}},{"start":{"line":58,"column":4},"end":{"line":58,"column":4}}]}}},"contracts/HumanStandardToken.sol":{"l":{"39":3,"40":3,"41":3,"42":3,"43":3,"48":1,"49":1,"54":1,"55":1},"path":"/Users/tikonoff/projects/staking-master/contracts/HumanStandardToken.sol","s":{"1":3,"2":3,"3":3,"4":3,"5":3,"6":1,"7":1,"8":1,"9":1},"b":{"1":[1,0]},"f":{"1":3,"2":1},"fnMap":{"1":{"name":"HumanStandardToken","line":33,"loc":{"start":{"line":33,"column":4},"end":{"line":38,"column":18}}},"2":{"name":"approveAndCall","line":47,"loc":{"start":{"line":47,"column":4},"end":{"line":47,"column":107}}}},"statementMap":{"1":{"start":{"line":39,"column":8},"end":{"line":39,"column":44}},"2":{"start":{"line":40,"column":8},"end":{"line":40,"column":35}},"3":{"start":{"line":41,"column":8},"end":{"line":41,"column":24}},"4":{"start":{"line":42,"column":8},"end":{"line":42,"column":31}},"5":{"start":{"line":43,"column":8},"end":{"line":43,"column":28}},"6":{"start":{"line":48,"column":8},"end":{"line":48,"column":45}},"7":{"start":{"line":49,"column":8},"end":{"line":49,"column":45}},"8":{"start":{"line":54,"column":8},"end":{"line":54,"column":145}},"9":{"start":{"line":55,"column":8},"end":{"line":55,"column":19}}},"branchMap":{"1":{"line":54,"type":"if","locations":[{"start":{"line":54,"column":8},"end":{"line":54,"column":8}},{"start":{"line":54,"column":8},"end":{"line":54,"column":8}}]}}},"contracts/mocks/SafeMathMock.sol":{"l":{"11":1,"15":1,"19":2,"23":1},"path":"/Users/tikonoff/projects/staking-master/contracts/mocks/SafeMathMock.sol","s":{"1":1,"2":1,"3":2,"4":1},"b":{},"f":{"1":1,"2":1,"3":2,"4":1},"fnMap":{"1":{"name":"multiply","line":10,"loc":{"start":{"line":10,"column":4},"end":{"line":10,"column":48}}},"2":{"name":"divide","line":14,"loc":{"start":{"line":14,"column":4},"end":{"line":14,"column":46}}},"3":{"name":"subtract","line":18,"loc":{"start":{"line":18,"column":4},"end":{"line":18,"column":48}}},"4":{"name":"add","line":22,"loc":{"start":{"line":22,"column":4},"end":{"line":22,"column":43}}}},"statementMap":{"1":{"start":{"line":11,"column":8},"end":{"line":11,"column":34}},"2":{"start":{"line":15,"column":8},"end":{"line":15,"column":34}},"3":{"start":{"line":19,"column":8},"end":{"line":19,"column":34}},"4":{"start":{"line":23,"column":8},"end":{"line":23,"column":34}}},"branchMap":{}},"contracts/mocks/StakeMock.sol":{"l":{"19":0,"24":0,"28":0},"path":"/Users/tikonoff/projects/staking-master/contracts/mocks/StakeMock.sol","s":{"1":0},"b":{},"f":{"1":0,"2":0,"3":0,"4":0},"fnMap":{"1":{"name":"StakeMock","line":7,"loc":{"start":{"line":7,"column":4},"end":{"line":14,"column":5}}},"2":{"name":"checkOperator","line":18,"loc":{"start":{"line":18,"column":4},"end":{"line":18,"column":94}}},"3":{"name":"isStaking","line":23,"loc":{"start":{"line":23,"column":4},"end":{"line":23,"column":20}}},"4":{"name":"isDoneStaking","line":27,"loc":{"start":{"line":27,"column":4},"end":{"line":27,"column":24}}}},"statementMap":{"1":{"start":{"line":19,"column":8},"end":{"line":19,"column":23}}},"branchMap":{}},"contracts/mocks/StandardTockenMock.sol":{"l":{"9":21,"10":21},"path":"/Users/tikonoff/projects/staking-master/contracts/mocks/StandardTockenMock.sol","s":{"1":21,"2":21},"b":{},"f":{"1":21},"fnMap":{"1":{"name":"StandardTokenMock","line":8,"loc":{"start":{"line":8,"column":4},"end":{"line":8,"column":83}}}},"statementMap":{"1":{"start":{"line":9,"column":8},"end":{"line":9,"column":48}},"2":{"start":{"line":10,"column":8},"end":{"line":10,"column":35}}},"branchMap":{}},"contracts/Owned.sol":{"l":{"21":23,"22":15,"26":3,"27":2,"31":2,"32":2,"36":5,"37":4,"38":4,"39":7,"40":1,"41":1,"44":4,"45":4,"49":2,"50":2,"51":2,"52":2,"53":2,"57":10,"58":22,"59":22,"60":22,"62":10,"66":3},"path":"/Users/tikonoff/projects/staking-master/contracts/Owned.sol","s":{"1":23,"2":3,"3":2,"4":2,"5":5,"6":4,"7":4,"8":7,"9":1,"10":4,"11":4,"12":2,"13":2,"14":0,"15":2,"16":2,"17":10,"18":22,"19":22,"20":22,"21":10,"22":3},"b":{"1":[15,8],"2":[2,1],"3":[2,0],"4":[4,1],"5":[1,6],"6":[2,0],"7":[0,2],"8":[22,0]},"f":{"1":23,"2":3,"3":2,"4":5,"5":2,"6":10,"7":3},"fnMap":{"1":{"name":"onlyOwner","line":19,"loc":{"start":{"line":19,"column":2},"end":{"line":19,"column":20}}},"2":{"name":"onlyOperator","line":25,"loc":{"start":{"line":25,"column":2},"end":{"line":25,"column":23}}},"3":{"name":"setOperator","line":30,"loc":{"start":{"line":30,"column":2},"end":{"line":30,"column":60}}},"4":{"name":"removeOwner","line":35,"loc":{"start":{"line":35,"column":2},"end":{"line":35,"column":55}}},"5":{"name":"addOwner","line":48,"loc":{"start":{"line":48,"column":2},"end":{"line":48,"column":54}}},"6":{"name":"setOwners","line":56,"loc":{"start":{"line":56,"column":2},"end":{"line":56,"column":48}}},"7":{"name":"getOwners","line":65,"loc":{"start":{"line":65,"column":2},"end":{"line":65,"column":59}}}},"statementMap":{"1":{"start":{"line":21,"column":4},"end":{"line":21,"column":31}},"2":{"start":{"line":26,"column":4},"end":{"line":26,"column":34}},"3":{"start":{"line":31,"column":4},"end":{"line":31,"column":35}},"4":{"start":{"line":32,"column":4},"end":{"line":32,"column":23}},"5":{"start":{"line":36,"column":4},"end":{"line":36,"column":29}},"6":{"start":{"line":37,"column":4},"end":{"line":37,"column":26}},"7":{"start":{"line":38,"column":4},"end":{"line":38,"column":715}},"8":{"start":{"line":39,"column":6},"end":{"line":39,"column":770}},"9":{"start":{"line":40,"column":8},"end":{"line":40,"column":57}},"10":{"start":{"line":44,"column":4},"end":{"line":44,"column":49}},"11":{"start":{"line":45,"column":4},"end":{"line":45,"column":23}},"12":{"start":{"line":49,"column":4},"end":{"line":49,"column":32}},"13":{"start":{"line":50,"column":4},"end":{"line":50,"column":30}},"14":{"start":{"line":50,"column":24},"end":{"line":50,"column":30}},"15":{"start":{"line":51,"column":4},"end":{"line":51,"column":25}},"16":{"start":{"line":53,"column":4},"end":{"line":53,"column":24}},"17":{"start":{"line":57,"column":4},"end":{"line":57,"column":1231}},"18":{"start":{"line":58,"column":6},"end":{"line":58,"column":38}},"19":{"start":{"line":59,"column":6},"end":{"line":59,"column":31}},"20":{"start":{"line":60,"column":6},"end":{"line":60,"column":30}},"21":{"start":{"line":62,"column":4},"end":{"line":62,"column":19}},"22":{"start":{"line":66,"column":4},"end":{"line":66,"column":17}}},"branchMap":{"1":{"line":21,"type":"if","locations":[{"start":{"line":21,"column":4},"end":{"line":21,"column":4}},{"start":{"line":21,"column":4},"end":{"line":21,"column":4}}]},"2":{"line":26,"type":"if","locations":[{"start":{"line":26,"column":4},"end":{"line":26,"column":4}},{"start":{"line":26,"column":4},"end":{"line":26,"column":4}}]},"3":{"line":31,"type":"if","locations":[{"start":{"line":31,"column":4},"end":{"line":31,"column":4}},{"start":{"line":31,"column":4},"end":{"line":31,"column":4}}]},"4":{"line":36,"type":"if","locations":[{"start":{"line":36,"column":4},"end":{"line":36,"column":4}},{"start":{"line":36,"column":4},"end":{"line":36,"column":4}}]},"5":{"line":39,"type":"if","locations":[{"start":{"line":39,"column":6},"end":{"line":39,"column":6}},{"start":{"line":39,"column":6},"end":{"line":39,"column":6}}]},"6":{"line":49,"type":"if","locations":[{"start":{"line":49,"column":4},"end":{"line":49,"column":4}},{"start":{"line":49,"column":4},"end":{"line":49,"column":4}}]},"7":{"line":50,"type":"if","locations":[{"start":{"line":50,"column":4},"end":{"line":50,"column":4}},{"start":{"line":50,"column":4},"end":{"line":50,"column":4}}]},"8":{"line":58,"type":"if","locations":[{"start":{"line":58,"column":6},"end":{"line":58,"column":6}},{"start":{"line":58,"column":6},"end":{"line":58,"column":6}}]}}},"contracts/SafeMath.sol":{"l":{"10":1,"11":1,"12":1,"17":1,"19":1,"23":11,"24":10,"28":5,"29":5,"30":5},"path":"/Users/tikonoff/projects/staking-master/contracts/SafeMath.sol","s":{"1":1,"2":1,"3":1,"4":1,"5":1,"6":11,"7":10,"8":5,"9":5,"10":5},"b":{"1":[1,0],"2":[10,1],"3":[5,0]},"f":{"1":1,"2":1,"3":11,"4":5},"fnMap":{"1":{"name":"mul","line":9,"loc":{"start":{"line":9,"column":2},"end":{"line":9,"column":68}}},"2":{"name":"div","line":15,"loc":{"start":{"line":15,"column":2},"end":{"line":15,"column":68}}},"3":{"name":"sub","line":22,"loc":{"start":{"line":22,"column":2},"end":{"line":22,"column":68}}},"4":{"name":"add","line":27,"loc":{"start":{"line":27,"column":2},"end":{"line":27,"column":68}}}},"statementMap":{"1":{"start":{"line":10,"column":4},"end":{"line":10,"column":20}},"2":{"start":{"line":11,"column":4},"end":{"line":11,"column":31}},"3":{"start":{"line":12,"column":4},"end":{"line":12,"column":12}},"4":{"start":{"line":17,"column":4},"end":{"line":17,"column":20}},"5":{"start":{"line":19,"column":4},"end":{"line":19,"column":12}},"6":{"start":{"line":23,"column":4},"end":{"line":23,"column":17}},"7":{"start":{"line":24,"column":4},"end":{"line":24,"column":16}},"8":{"start":{"line":28,"column":4},"end":{"line":28,"column":20}},"9":{"start":{"line":29,"column":4},"end":{"line":29,"column":17}},"10":{"start":{"line":30,"column":4},"end":{"line":30,"column":12}}},"branchMap":{"1":{"line":11,"type":"if","locations":[{"start":{"line":11,"column":4},"end":{"line":11,"column":4}},{"start":{"line":11,"column":4},"end":{"line":11,"column":4}}]},"2":{"line":23,"type":"if","locations":[{"start":{"line":23,"column":4},"end":{"line":23,"column":4}},{"start":{"line":23,"column":4},"end":{"line":23,"column":4}}]},"3":{"line":29,"type":"if","locations":[{"start":{"line":29,"column":4},"end":{"line":29,"column":4}},{"start":{"line":29,"column":4},"end":{"line":29,"column":4}}]}}},"contracts/Stake.sol":{"l":{"61":2,"62":0,"66":1,"67":1,"87":2,"88":2,"89":2,"90":2,"91":2,"95":1,"99":0,"106":1,"112":0,"118":1,"126":0,"128":0,"129":0,"130":0,"131":0,"132":0,"133":0,"137":0,"143":0,"144":0,"145":0,"146":0,"147":0,"148":0,"149":0,"154":0,"158":0,"162":0,"163":0,"165":0,"166":0,"167":0,"169":0,"170":0,"171":0,"172":0,"173":0,"174":0,"175":0,"188":1,"190":1,"191":1,"194":1,"195":1,"196":1,"197":1},"path":"/Users/tikonoff/projects/staking-master/contracts/Stake.sol","s":{"1":2,"2":1,"3":2,"4":2,"5":2,"6":2,"7":2,"8":1,"9":0,"10":1,"11":0,"12":1,"13":0,"14":0,"15":0,"16":0,"17":0,"18":0,"19":0,"20":0,"21":0,"22":0,"23":0,"24":0,"25":0,"26":0,"27":0,"28":0,"29":0,"30":0,"31":0,"32":0,"33":0,"34":0,"35":0,"36":0,"37":0,"38":0,"39":0,"40":0,"41":1,"42":1,"43":1,"44":1,"45":1,"46":1,"47":1},"b":{"1":[0,2],"2":[1,0],"3":[0,0],"4":[0,0],"5":[0,0],"6":[0,0],"7":[0,0],"8":[0,0],"9":[0,0],"10":[0,0],"11":[0,0],"12":[0,0],"13":[1,0]},"f":{"1":2,"2":1,"3":0,"4":2,"5":1,"6":0,"7":1,"8":0,"9":1,"10":0,"11":0,"12":0,"13":0,"14":0,"15":0,"16":1},"fnMap":{"1":{"name":"isStaking","line":60,"loc":{"start":{"line":60,"column":2},"end":{"line":60,"column":20}}},"2":{"name":"isDoneStaking","line":65,"loc":{"start":{"line":65,"column":2},"end":{"line":65,"column":24}}},"3":{"name":null,"line":70,"loc":{"start":{"line":70,"column":2},"end":{"line":70,"column":27}}},"4":{"name":"Stake","line":75,"loc":{"start":{"line":75,"column":2},"end":{"line":86,"column":3}}},"5":{"name":"version","line":94,"loc":{"start":{"line":94,"column":2},"end":{"line":94,"column":51}}},"6":{"name":"checkOperator","line":98,"loc":{"start":{"line":98,"column":4},"end":{"line":98,"column":94}}},"7":{"name":"setLevToken","line":105,"loc":{"start":{"line":105,"column":2},"end":{"line":105,"column":84}}},"8":{"name":"setFeeToken","line":111,"loc":{"start":{"line":111,"column":2},"end":{"line":111,"column":84}}},"9":{"name":"setWallet","line":117,"loc":{"start":{"line":117,"column":2},"end":{"line":117,"column":78}}},"10":{"name":"stakeTokens","line":125,"loc":{"start":{"line":125,"column":2},"end":{"line":125,"column":76}}},"11":{"name":"revertFeeCalculatedFlag","line":136,"loc":{"start":{"line":136,"column":2},"end":{"line":136,"column":79}}},"12":{"name":"updateFeeForCurrentStakingInterval","line":142,"loc":{"start":{"line":142,"column":2},"end":{"line":142,"column":83}}},"13":{"name":"redeemLevAndFeeByStaker","line":153,"loc":{"start":{"line":153,"column":2},"end":{"line":153,"column":45}}},"14":{"name":"redeemLevAndFeeToStakers","line":157,"loc":{"start":{"line":157,"column":2},"end":{"line":157,"column":77}}},"15":{"name":"redeemLevAndFee","line":161,"loc":{"start":{"line":161,"column":2},"end":{"line":161,"column":87}}},"16":{"name":"startNewStakingInterval","line":181,"loc":{"start":{"line":181,"column":2},"end":{"line":187,"column":3}}}},"statementMap":{"1":{"start":{"line":61,"column":4},"end":{"line":61,"column":65}},"2":{"start":{"line":66,"column":4},"end":{"line":66,"column":36}},"3":{"start":{"line":87,"column":4},"end":{"line":87,"column":21}},"4":{"start":{"line":88,"column":4},"end":{"line":88,"column":23}},"5":{"start":{"line":89,"column":4},"end":{"line":89,"column":19}},"6":{"start":{"line":90,"column":4},"end":{"line":90,"column":25}},"7":{"start":{"line":91,"column":4},"end":{"line":91,"column":30}},"8":{"start":{"line":95,"column":4},"end":{"line":95,"column":18}},"9":{"start":{"line":99,"column":8},"end":{"line":99,"column":23}},"10":{"start":{"line":106,"column":4},"end":{"line":106,"column":30}},"11":{"start":{"line":112,"column":4},"end":{"line":112,"column":28}},"12":{"start":{"line":118,"column":4},"end":{"line":118,"column":19}},"13":{"start":{"line":126,"column":4},"end":{"line":126,"column":61}},"14":{"start":{"line":128,"column":4},"end":{"line":128,"column":95}},"15":{"start":{"line":129,"column":4},"end":{"line":129,"column":57}},"16":{"start":{"line":130,"column":4},"end":{"line":130,"column":81}},"17":{"start":{"line":131,"column":4},"end":{"line":131,"column":39}},"18":{"start":{"line":132,"column":4},"end":{"line":132,"column":62}},"19":{"start":{"line":133,"column":4},"end":{"line":133,"column":58}},"20":{"start":{"line":137,"column":4},"end":{"line":137,"column":24}},"21":{"start":{"line":143,"column":4},"end":{"line":143,"column":34}},"22":{"start":{"line":144,"column":4},"end":{"line":144,"column":46}},"23":{"start":{"line":145,"column":4},"end":{"line":145,"column":104}},"24":{"start":{"line":146,"column":4},"end":{"line":146,"column":23}},"25":{"start":{"line":147,"column":4},"end":{"line":147,"column":91}},"26":{"start":{"line":148,"column":4},"end":{"line":148,"column":57}},"27":{"start":{"line":149,"column":4},"end":{"line":149,"column":55}},"28":{"start":{"line":154,"column":4},"end":{"line":154,"column":30}},"29":{"start":{"line":158,"column":4},"end":{"line":158,"column":75}},"30":{"start":{"line":158,"column":47},"end":{"line":158,"column":74}},"31":{"start":{"line":162,"column":4},"end":{"line":162,"column":25}},"32":{"start":{"line":163,"column":4},"end":{"line":163,"column":30}},"33":{"start":{"line":165,"column":4},"end":{"line":165,"column":37}},"34":{"start":{"line":166,"column":4},"end":{"line":166,"column":31}},"35":{"start":{"line":167,"column":4},"end":{"line":167,"column":21}},"36":{"start":{"line":169,"column":4},"end":{"line":169,"column":78}},"37":{"start":{"line":172,"column":4},"end":{"line":172,"column":35}},"38":{"start":{"line":173,"column":4},"end":{"line":173,"column":62}},"39":{"start":{"line":174,"column":4},"end":{"line":174,"column":45}},"40":{"start":{"line":175,"column":4},"end":{"line":175,"column":63}},"41":{"start":{"line":188,"column":4},"end":{"line":188,"column":26}},"42":{"start":{"line":190,"column":4},"end":{"line":190,"column":22}},"43":{"start":{"line":191,"column":4},"end":{"line":191,"column":18}},"44":{"start":{"line":194,"column":4},"end":{"line":194,"column":21}},"45":{"start":{"line":195,"column":4},"end":{"line":195,"column":31}},"46":{"start":{"line":196,"column":4},"end":{"line":196,"column":24}},"47":{"start":{"line":197,"column":4},"end":{"line":197,"column":32}}},"branchMap":{"1":{"line":61,"type":"if","locations":[{"start":{"line":61,"column":4},"end":{"line":61,"column":4}},{"start":{"line":61,"column":4},"end":{"line":61,"column":4}}]},"2":{"line":66,"type":"if","locations":[{"start":{"line":66,"column":4},"end":{"line":66,"column":4}},{"start":{"line":66,"column":4},"end":{"line":66,"column":4}}]},"3":{"line":126,"type":"if","locations":[{"start":{"line":126,"column":4},"end":{"line":126,"column":4}},{"start":{"line":126,"column":4},"end":{"line":126,"column":4}}]},"4":{"line":132,"type":"if","locations":[{"start":{"line":132,"column":4},"end":{"line":132,"column":4}},{"start":{"line":132,"column":4},"end":{"line":132,"column":4}}]},"5":{"line":143,"type":"if","locations":[{"start":{"line":143,"column":4},"end":{"line":143,"column":4}},{"start":{"line":143,"column":4},"end":{"line":143,"column":4}}]},"6":{"line":148,"type":"if","locations":[{"start":{"line":148,"column":4},"end":{"line":148,"column":4}},{"start":{"line":148,"column":4},"end":{"line":148,"column":4}}]},"7":{"line":149,"type":"if","locations":[{"start":{"line":149,"column":4},"end":{"line":149,"column":4}},{"start":{"line":149,"column":4},"end":{"line":149,"column":4}}]},"8":{"line":162,"type":"if","locations":[{"start":{"line":162,"column":4},"end":{"line":162,"column":4}},{"start":{"line":162,"column":4},"end":{"line":162,"column":4}}]},"9":{"line":163,"type":"if","locations":[{"start":{"line":163,"column":4},"end":{"line":163,"column":4}},{"start":{"line":163,"column":4},"end":{"line":163,"column":4}}]},"10":{"line":167,"type":"if","locations":[{"start":{"line":167,"column":4},"end":{"line":167,"column":4}},{"start":{"line":167,"column":4},"end":{"line":167,"column":4}}]},"11":{"line":173,"type":"if","locations":[{"start":{"line":173,"column":4},"end":{"line":173,"column":4}},{"start":{"line":173,"column":4},"end":{"line":173,"column":4}}]},"12":{"line":174,"type":"if","locations":[{"start":{"line":174,"column":4},"end":{"line":174,"column":4}},{"start":{"line":174,"column":4},"end":{"line":174,"column":4}}]},"13":{"line":188,"type":"if","locations":[{"start":{"line":188,"column":4},"end":{"line":188,"column":4}},{"start":{"line":188,"column":4},"end":{"line":188,"column":4}}]}}},"contracts/StandardToken.sol":{"l":{"20":8,"21":8,"22":8,"23":8,"24":8,"30":6,"31":4,"32":4,"33":4,"34":4,"35":4,"39":12,"43":18,"44":18,"45":18,"49":7},"path":"/Users/tikonoff/projects/staking-master/contracts/StandardToken.sol","s":{"1":8,"2":8,"3":8,"4":8,"5":8,"6":6,"7":4,"8":4,"9":4,"10":4,"11":4,"12":12,"13":18,"14":18,"15":18,"16":7},"b":{"1":[8,0],"2":[4,2]},"f":{"1":8,"2":6,"3":12,"4":18,"5":7},"fnMap":{"1":{"name":"transfer","line":15,"loc":{"start":{"line":15,"column":4},"end":{"line":15,"column":78}}},"2":{"name":"transferFrom","line":27,"loc":{"start":{"line":27,"column":4},"end":{"line":27,"column":97}}},"3":{"name":"balanceOf","line":38,"loc":{"start":{"line":38,"column":4},"end":{"line":38,"column":78}}},"4":{"name":"approve","line":42,"loc":{"start":{"line":42,"column":4},"end":{"line":42,"column":82}}},"5":{"name":"allowance","line":48,"loc":{"start":{"line":48,"column":4},"end":{"line":48,"column":98}}}},"statementMap":{"1":{"start":{"line":20,"column":8},"end":{"line":20,"column":46}},"2":{"start":{"line":21,"column":8},"end":{"line":21,"column":37}},"3":{"start":{"line":22,"column":8},"end":{"line":22,"column":30}},"4":{"start":{"line":23,"column":8},"end":{"line":23,"column":40}},"5":{"start":{"line":24,"column":8},"end":{"line":24,"column":19}},"6":{"start":{"line":30,"column":8},"end":{"line":30,"column":81}},"7":{"start":{"line":31,"column":8},"end":{"line":31,"column":30}},"8":{"start":{"line":32,"column":8},"end":{"line":32,"column":32}},"9":{"start":{"line":33,"column":8},"end":{"line":33,"column":43}},"10":{"start":{"line":34,"column":8},"end":{"line":34,"column":35}},"11":{"start":{"line":35,"column":8},"end":{"line":35,"column":19}},"12":{"start":{"line":39,"column":8},"end":{"line":39,"column":31}},"13":{"start":{"line":43,"column":8},"end":{"line":43,"column":45}},"14":{"start":{"line":44,"column":8},"end":{"line":44,"column":45}},"15":{"start":{"line":45,"column":8},"end":{"line":45,"column":19}},"16":{"start":{"line":49,"column":6},"end":{"line":49,"column":38}}},"branchMap":{"1":{"line":20,"type":"if","locations":[{"start":{"line":20,"column":8},"end":{"line":20,"column":8}},{"start":{"line":20,"column":8},"end":{"line":20,"column":8}}]},"2":{"line":30,"type":"if","locations":[{"start":{"line":30,"column":8},"end":{"line":30,"column":8}},{"start":{"line":30,"column":8},"end":{"line":30,"column":8}}]}}},"contracts/Token.sol":{"l":{},"path":"/Users/tikonoff/projects/staking-master/contracts/Token.sol","s":{},"b":{},"f":{},"fnMap":{},"statementMap":{},"branchMap":{}},"contracts/Validating.sol":{"l":{"7":15,"8":15,"12":11,"13":11,"17":16,"18":16},"path":"/Users/tikonoff/projects/staking-master/contracts/Validating.sol","s":{"1":15,"2":11,"3":16},"b":{"1":[15,0],"2":[11,0],"3":[16,0]},"f":{"1":15,"2":11,"3":16},"fnMap":{"1":{"name":"validAddress","line":6,"loc":{"start":{"line":6,"column":2},"end":{"line":6,"column":41}}},"2":{"name":"notZero","line":11,"loc":{"start":{"line":11,"column":2},"end":{"line":11,"column":32}}},"3":{"name":"notEmpty","line":16,"loc":{"start":{"line":16,"column":2},"end":{"line":16,"column":35}}}},"statementMap":{"1":{"start":{"line":7,"column":4},"end":{"line":7,"column":36}},"2":{"start":{"line":12,"column":4},"end":{"line":12,"column":24}},"3":{"start":{"line":17,"column":4},"end":{"line":17,"column":38}}},"branchMap":{"1":{"line":7,"type":"if","locations":[{"start":{"line":7,"column":4},"end":{"line":7,"column":4}},{"start":{"line":7,"column":4},"end":{"line":7,"column":4}}]},"2":{"line":12,"type":"if","locations":[{"start":{"line":12,"column":4},"end":{"line":12,"column":4}},{"start":{"line":12,"column":4},"end":{"line":12,"column":4}}]},"3":{"line":17,"type":"if","locations":[{"start":{"line":17,"column":4},"end":{"line":17,"column":4}},{"start":{"line":17,"column":4},"end":{"line":17,"column":4}}]}}}}