TN:
SF:/Users/tikonoff/projects/staking-master/contracts/Fee.sol
FN:27,onlyMinter
FN:33,Fee
FN:51,setMinter
FN:57,burnTokens
FN:69,sendTokens
FNF:5
FNH:2
FNDA:0,onlyMinter
FNDA:8,Fee
FNDA:3,setMinter
FNDA:0,burnTokens
FNDA:0,sendTokens
DA:28,0
DA:29,0
DA:43,8
DA:44,8
DA:45,8
DA:46,8
DA:52,3
DA:58,0
DA:60,0
DA:61,0
DA:62,0
DA:70,0
DA:71,0
DA:72,0
LF:14
LH:5
BRDA:28,1,0,0
BRDA:28,1,1,0
BRDA:58,2,0,0
BRDA:58,2,1,0
BRF:4
BRH:0
end_of_record
TN:
SF:/Users/tikonoff/projects/staking-master/contracts/HumanStandardToken.sol
FN:33,HumanStandardToken
FN:47,approveAndCall
FNF:2
FNH:1
FNDA:3,HumanStandardToken
FNDA:0,approveAndCall
DA:39,3
DA:40,3
DA:41,3
DA:42,3
DA:43,3
DA:48,0
DA:49,0
DA:54,0
DA:55,0
LF:9
LH:5
BRDA:54,1,0,0
BRDA:54,1,1,0
BRF:2
BRH:0
end_of_record
TN:
SF:/Users/tikonoff/projects/staking-master/contracts/mocks/SafeMathMock.sol
FN:10,multiply
FN:14,divide
FN:18,subtract
FN:22,add
FNF:4
FNH:0
FNDA:0,multiply
FNDA:0,divide
FNDA:0,subtract
FNDA:0,add
DA:11,0
DA:15,0
DA:19,0
DA:23,0
LF:4
LH:0
BRF:0
BRH:0
end_of_record
TN:
SF:/Users/tikonoff/projects/staking-master/contracts/mocks/StakeMock.sol
FN:7,StakeMock
FN:17,isStaking
FN:21,isDoneStaking
FNF:3
FNH:0
FNDA:0,StakeMock
FNDA:0,isStaking
FNDA:0,isDoneStaking
DA:18,0
DA:22,0
LF:2
LH:0
BRF:0
BRH:0
end_of_record
TN:
SF:/Users/tikonoff/projects/staking-master/contracts/mocks/StandardTockenMock.sol
FN:8,StandardTokenMock
FNF:1
FNH:1
FNDA:21,StandardTokenMock
DA:9,21
DA:10,21
LF:2
LH:2
BRF:0
BRH:0
end_of_record
TN:
SF:/Users/tikonoff/projects/staking-master/contracts/Owned.sol
FN:19,onlyOwner
FN:25,onlyOperator
FN:30,setOperator
FN:35,removeOwner
FN:48,addOwner
FN:56,setOwners
FN:65,getOwners
FNF:7
FNH:6
FNDA:15,onlyOwner
FNDA:0,onlyOperator
FNDA:2,setOperator
FNDA:5,removeOwner
FNDA:2,addOwner
FNDA:9,setOwners
FNDA:3,getOwners
DA:21,15
DA:22,12
DA:26,0
DA:27,0
DA:31,2
DA:32,2
DA:36,5
DA:37,4
DA:38,4
DA:39,7
DA:40,1
DA:41,1
DA:44,4
DA:45,4
DA:49,2
DA:50,2
DA:51,2
DA:52,2
DA:53,2
DA:57,9
DA:58,21
DA:59,21
DA:60,21
DA:62,9
DA:66,3
LF:25
LH:23
BRDA:21,1,0,12
BRDA:21,1,1,3
BRDA:26,2,0,0
BRDA:26,2,1,0
BRDA:31,3,0,2
BRDA:31,3,1,0
BRDA:36,4,0,4
BRDA:36,4,1,1
BRDA:39,5,0,1
BRDA:39,5,1,6
BRDA:49,6,0,2
BRDA:49,6,1,0
BRDA:50,7,0,0
BRDA:50,7,1,2
BRDA:58,8,0,21
BRDA:58,8,1,0
BRF:16
BRH:10
end_of_record
TN:
SF:/Users/tikonoff/projects/staking-master/contracts/SafeMath.sol
FN:9,mul
FN:15,div
FN:22,sub
FN:27,add
FNF:4
FNH:1
FNDA:0,mul
FNDA:0,div
FNDA:5,sub
FNDA:0,add
DA:10,0
DA:11,0
DA:12,0
DA:17,0
DA:19,0
DA:23,5
DA:24,5
DA:28,0
DA:29,0
DA:30,0
LF:10
LH:2
BRDA:11,1,0,0
BRDA:11,1,1,0
BRDA:23,2,0,5
BRDA:23,2,1,0
BRDA:29,3,0,0
BRDA:29,3,1,0
BRF:6
BRH:1
end_of_record
TN:
SF:/Users/tikonoff/projects/staking-master/contracts/Stake.sol
FN:60,isStaking
FN:65,isDoneStaking
FN:70,
FN:75,Stake
FN:94,version
FN:98,checkOperator
FN:105,setLevToken
FN:111,setFeeToken
FN:117,setWallet
FN:125,stakeTokens
FN:136,revertFeeCalculatedFlag
FN:142,updateFeeForCurrentStakingInterval
FN:153,redeemLevAndFeeByStaker
FN:157,redeemLevAndFeeToStakers
FN:161,redeemLevAndFee
FN:181,startNewStakingInterval
FNF:16
FNH:1
FNDA:0,isStaking
FNDA:0,isDoneStaking
FNDA:0,
FNDA:1,Stake
FNDA:0,version
FNDA:0,checkOperator
FNDA:0,setLevToken
FNDA:0,setFeeToken
FNDA:0,setWallet
FNDA:0,stakeTokens
FNDA:0,revertFeeCalculatedFlag
FNDA:0,updateFeeForCurrentStakingInterval
FNDA:0,redeemLevAndFeeByStaker
FNDA:0,redeemLevAndFeeToStakers
FNDA:0,redeemLevAndFee
FNDA:0,startNewStakingInterval
DA:61,0
DA:62,0
DA:66,0
DA:67,0
DA:87,1
DA:88,1
DA:89,1
DA:90,1
DA:91,1
DA:95,0
DA:99,0
DA:106,0
DA:112,0
DA:118,0
DA:126,0
DA:128,0
DA:129,0
DA:130,0
DA:131,0
DA:132,0
DA:133,0
DA:137,0
DA:143,0
DA:144,0
DA:145,0
DA:146,0
DA:147,0
DA:148,0
DA:149,0
DA:154,0
DA:158,0
DA:162,0
DA:163,0
DA:165,0
DA:166,0
DA:167,0
DA:169,0
DA:170,0
DA:171,0
DA:172,0
DA:173,0
DA:174,0
DA:175,0
DA:188,0
DA:190,0
DA:191,0
DA:194,0
DA:195,0
DA:196,0
DA:197,0
LF:50
LH:5
BRDA:61,1,0,0
BRDA:61,1,1,0
BRDA:66,2,0,0
BRDA:66,2,1,0
BRDA:126,3,0,0
BRDA:126,3,1,0
BRDA:132,4,0,0
BRDA:132,4,1,0
BRDA:143,5,0,0
BRDA:143,5,1,0
BRDA:148,6,0,0
BRDA:148,6,1,0
BRDA:149,7,0,0
BRDA:149,7,1,0
BRDA:162,8,0,0
BRDA:162,8,1,0
BRDA:163,9,0,0
BRDA:163,9,1,0
BRDA:167,10,0,0
BRDA:167,10,1,0
BRDA:173,11,0,0
BRDA:173,11,1,0
BRDA:174,12,0,0
BRDA:174,12,1,0
BRDA:188,13,0,0
BRDA:188,13,1,0
BRF:26
BRH:0
end_of_record
TN:
SF:/Users/tikonoff/projects/staking-master/contracts/StandardToken.sol
FN:15,transfer
FN:27,transferFrom
FN:38,balanceOf
FN:42,approve
FN:48,allowance
FNF:5
FNH:5
FNDA:3,transfer
FNDA:6,transferFrom
FNDA:6,balanceOf
FNDA:17,approve
FNDA:6,allowance
DA:20,3
DA:21,3
DA:22,3
DA:23,3
DA:24,3
DA:30,6
DA:31,4
DA:32,4
DA:33,4
DA:34,4
DA:35,4
DA:39,6
DA:43,17
DA:44,17
DA:45,17
DA:49,6
LF:16
LH:16
BRDA:20,1,0,3
BRDA:20,1,1,0
BRDA:30,2,0,4
BRDA:30,2,1,2
BRF:4
BRH:3
end_of_record
TN:
SF:/Users/tikonoff/projects/staking-master/contracts/Token.sol
FNF:0
FNH:0
LF:0
LH:0
BRF:0
BRH:0
end_of_record
TN:
SF:/Users/tikonoff/projects/staking-master/contracts/Validating.sol
FN:6,validAddress
FN:11,notZero
FN:16,notEmpty
FNF:3
FNH:3
FNDA:6,validAddress
FNDA:1,notZero
FNDA:16,notEmpty
DA:7,6
DA:8,6
DA:12,1
DA:13,1
DA:17,16
DA:18,16
LF:6
LH:6
BRDA:7,1,0,6
BRDA:7,1,1,0
BRDA:12,2,0,1
BRDA:12,2,1,0
BRDA:17,3,0,16
BRDA:17,3,1,0
BRF:6
BRH:3
end_of_record
