TN:
SF:/Users/tikonoff/projects/staking-master/contracts/Fee.sol
FN:27,onlyMinter
FN:33,Fee
FN:51,setMinter
FN:57,burnTokens
FN:69,sendTokens
FNF:5
FNH:2
FNDA:0,onlyMinter
FNDA:10,Fee
FNDA:6,setMinter
FNDA:0,burnTokens
FNDA:0,sendTokens
DA:28,0
DA:29,0
DA:43,10
DA:44,10
DA:45,10
DA:46,10
DA:52,6
DA:58,0
DA:60,0
DA:61,0
DA:62,0
DA:70,0
DA:71,0
DA:72,0
LF:14
LH:5
BRDA:28,1,0,0
BRDA:28,1,1,0
BRDA:58,2,0,0
BRDA:58,2,1,0
BRF:4
BRH:0
end_of_record
TN:
SF:/Users/tikonoff/projects/staking-master/contracts/HumanStandardToken.sol
FN:33,HumanStandardToken
FN:47,approveAndCall
FNF:2
FNH:1
FNDA:2,HumanStandardToken
FNDA:0,approveAndCall
DA:39,2
DA:40,2
DA:41,2
DA:42,2
DA:43,2
DA:48,0
DA:49,0
DA:54,0
DA:55,0
LF:9
LH:5
BRDA:54,1,0,0
BRDA:54,1,1,0
BRF:2
BRH:0
end_of_record
TN:
SF:/Users/tikonoff/projects/staking-master/contracts/mocks/SafeMathMock.sol
FN:10,multiply
FN:14,divide
FN:18,subtract
FN:22,add
FNF:4
FNH:4
FNDA:1,multiply
FNDA:1,divide
FNDA:2,subtract
FNDA:1,add
DA:11,1
DA:15,1
DA:19,2
DA:23,1
LF:4
LH:4
BRF:0
BRH:0
end_of_record
TN:
SF:/Users/tikonoff/projects/staking-master/contracts/mocks/StandardTockenMock.sol
FN:8,StandardTokenMock
FNF:1
FNH:1
FNDA:42,StandardTokenMock
DA:9,42
DA:10,42
LF:2
LH:2
BRF:0
BRH:0
end_of_record
TN:
SF:/Users/tikonoff/projects/staking-master/contracts/Owned.sol
FN:19,onlyOwner
FN:25,onlyOperator
FN:30,setOperator
FN:35,removeOwner
FN:48,addOwner
FN:56,setOwners
FN:65,getOwners
FNF:7
FNH:6
FNDA:38,onlyOwner
FNDA:2,onlyOperator
FNDA:0,setOperator
FNDA:10,removeOwner
FNDA:4,addOwner
FNDA:12,setOwners
FNDA:6,getOwners
DA:21,38
DA:22,20
DA:26,2
DA:27,0
DA:31,0
DA:32,0
DA:36,10
DA:37,8
DA:38,8
DA:39,14
DA:40,2
DA:41,2
DA:44,8
DA:45,8
DA:49,4
DA:50,4
DA:51,4
DA:52,4
DA:53,4
DA:57,12
DA:58,28
DA:59,28
DA:60,28
DA:62,12
DA:66,6
LF:25
LH:22
BRDA:21,1,0,20
BRDA:21,1,1,18
BRDA:26,2,0,0
BRDA:26,2,1,2
BRDA:31,3,0,0
BRDA:31,3,1,0
BRDA:36,4,0,8
BRDA:36,4,1,2
BRDA:39,5,0,2
BRDA:39,5,1,12
BRDA:49,6,0,4
BRDA:49,6,1,0
BRDA:50,7,0,0
BRDA:50,7,1,4
BRDA:58,8,0,28
BRDA:58,8,1,0
BRF:16
BRH:10
end_of_record
TN:
SF:/Users/tikonoff/projects/staking-master/contracts/SafeMath.sol
FN:9,mul
FN:15,div
FN:22,sub
FN:27,add
FNF:4
FNH:4
FNDA:1,mul
FNDA:1,div
FNDA:12,sub
FNDA:1,add
DA:10,1
DA:11,1
DA:12,1
DA:17,1
DA:19,1
DA:23,12
DA:24,11
DA:28,1
DA:29,1
DA:30,1
LF:10
LH:10
BRDA:11,1,0,1
BRDA:11,1,1,0
BRDA:23,2,0,11
BRDA:23,2,1,1
BRDA:29,3,0,1
BRDA:29,3,1,0
BRF:6
BRH:4
end_of_record
TN:
SF:/Users/tikonoff/projects/staking-master/contracts/Stake.sol
FN:60,isStaking
FN:65,isDoneStaking
FN:70,
FN:75,Stake
FN:94,version
FN:100,setLevToken
FN:106,setFeeToken
FN:112,setWallet
FN:120,stakeTokens
FN:131,revertFeeCalculatedFlag
FN:137,updateFeeForCurrentStakingInterval
FN:148,redeemLevAndFeeByStaker
FN:152,redeemLevAndFeeToStakers
FN:156,redeemLevAndFee
FN:176,startNewStakingInterval
FNF:15
FNH:1
FNDA:0,isStaking
FNDA:0,isDoneStaking
FNDA:0,
FNDA:2,Stake
FNDA:0,version
FNDA:0,setLevToken
FNDA:0,setFeeToken
FNDA:0,setWallet
FNDA:0,stakeTokens
FNDA:0,revertFeeCalculatedFlag
FNDA:0,updateFeeForCurrentStakingInterval
FNDA:0,redeemLevAndFeeByStaker
FNDA:0,redeemLevAndFeeToStakers
FNDA:0,redeemLevAndFee
FNDA:0,startNewStakingInterval
DA:61,0
DA:62,0
DA:66,0
DA:67,0
DA:87,2
DA:88,2
DA:89,2
DA:90,2
DA:91,2
DA:95,0
DA:101,0
DA:107,0
DA:113,0
DA:121,0
DA:123,0
DA:124,0
DA:125,0
DA:126,0
DA:127,0
DA:128,0
DA:132,0
DA:138,0
DA:139,0
DA:140,0
DA:141,0
DA:142,0
DA:143,0
DA:144,0
DA:149,0
DA:153,0
DA:157,0
DA:158,0
DA:160,0
DA:161,0
DA:162,0
DA:164,0
DA:165,0
DA:166,0
DA:167,0
DA:168,0
DA:169,0
DA:170,0
DA:183,0
DA:185,0
DA:186,0
DA:189,0
DA:190,0
DA:191,0
DA:192,0
LF:49
LH:5
BRDA:61,1,0,0
BRDA:61,1,1,0
BRDA:66,2,0,0
BRDA:66,2,1,0
BRDA:121,3,0,0
BRDA:121,3,1,0
BRDA:127,4,0,0
BRDA:127,4,1,0
BRDA:138,5,0,0
BRDA:138,5,1,0
BRDA:143,6,0,0
BRDA:143,6,1,0
BRDA:144,7,0,0
BRDA:144,7,1,0
BRDA:157,8,0,0
BRDA:157,8,1,0
BRDA:158,9,0,0
BRDA:158,9,1,0
BRDA:162,10,0,0
BRDA:162,10,1,0
BRDA:168,11,0,0
BRDA:168,11,1,0
BRDA:169,12,0,0
BRDA:169,12,1,0
BRDA:183,13,0,0
BRDA:183,13,1,0
BRF:26
BRH:0
end_of_record
TN:
SF:/Users/tikonoff/projects/staking-master/contracts/StandardToken.sol
FN:15,transfer
FN:27,transferFrom
FN:38,balanceOf
FN:42,approve
FN:48,allowance
FNF:5
FNH:5
FNDA:10,transfer
FNDA:12,transferFrom
FNDA:12,balanceOf
FNDA:34,approve
FNDA:12,allowance
DA:20,10
DA:21,10
DA:22,10
DA:23,10
DA:24,10
DA:30,12
DA:31,8
DA:32,8
DA:33,8
DA:34,8
DA:35,8
DA:39,12
DA:43,34
DA:44,34
DA:45,34
DA:49,12
LF:16
LH:16
BRDA:20,1,0,10
BRDA:20,1,1,0
BRDA:30,2,0,8
BRDA:30,2,1,4
BRF:4
BRH:3
end_of_record
TN:
SF:/Users/tikonoff/projects/staking-master/contracts/Token.sol
FNF:0
FNH:0
LF:0
LH:0
BRF:0
BRH:0
end_of_record
TN:
SF:/Users/tikonoff/projects/staking-master/contracts/Validating.sol
FN:6,validAddress
FN:11,notZero
FN:16,notEmpty
FNF:3
FNH:3
FNDA:12,validAddress
FNDA:6,notZero
FNDA:20,notEmpty
DA:7,12
DA:8,12
DA:12,6
DA:13,6
DA:17,20
DA:18,20
LF:6
LH:6
BRDA:7,1,0,12
BRDA:7,1,1,0
BRDA:12,2,0,6
BRDA:12,2,1,0
BRDA:17,3,0,20
BRDA:17,3,1,0
BRF:6
BRH:3
end_of_record
