TN:
SF:/Users/tikonoff/projects/staking-master/contracts/Fee.sol
FN:27,onlyMinter
FN:33,Fee
FN:51,setMinter
FN:57,burnTokens
FN:69,sendTokens
FNF:5
FNH:5
FNDA:5,onlyMinter
FNDA:9,Fee
FNDA:5,setMinter
FNDA:3,burnTokens
FNDA:3,sendTokens
DA:28,5
DA:29,3
DA:43,9
DA:44,9
DA:45,9
DA:46,9
DA:52,5
DA:58,3
DA:60,2
DA:61,2
DA:62,2
DA:70,3
DA:71,3
DA:72,3
LF:14
LH:14
BRDA:28,1,0,3
BRDA:28,1,1,2
BRDA:58,2,0,2
BRDA:58,2,1,1
BRF:4
BRH:4
end_of_record
TN:
SF:/Users/tikonoff/projects/staking-master/contracts/HumanStandardToken.sol
FN:33,HumanStandardToken
FN:47,approveAndCall
FNF:2
FNH:2
FNDA:5,HumanStandardToken
FNDA:2,approveAndCall
DA:39,5
DA:40,5
DA:41,5
DA:42,5
DA:43,5
DA:48,2
DA:49,2
DA:54,2
DA:55,1
LF:9
LH:9
BRDA:54,1,0,1
BRDA:54,1,1,1
BRF:2
BRH:2
end_of_record
TN:
SF:/Users/tikonoff/projects/staking-master/contracts/mocks/Approval.sol
FN:4,receiveApproval
FNF:1
FNH:1
FNDA:1,receiveApproval
DA:5,1
LF:1
LH:1
BRF:0
BRH:0
end_of_record
TN:
SF:/Users/tikonoff/projects/staking-master/contracts/mocks/SafeMathMock.sol
FN:10,multiply
FN:14,divide
FN:18,subtract
FN:22,add
FNF:4
FNH:4
FNDA:1,multiply
FNDA:1,divide
FNDA:2,subtract
FNDA:1,add
DA:11,1
DA:15,1
DA:19,2
DA:23,1
LF:4
LH:4
BRF:0
BRH:0
end_of_record
TN:
SF:/Users/tikonoff/projects/staking-master/contracts/mocks/StakeMock.sol
FN:7,StakeMock
FN:17,isStaking
FN:21,isDoneStaking
FN:25,setTotalLevBlocksToZero
FN:29,setTotalLevsToZero
FN:33,setTotalLevsToMany
FN:41,setFeeForTheStakingInterval
FNF:7
FNH:7
FNDA:2,StakeMock
FNDA:5,isStaking
FNDA:18,isDoneStaking
FNDA:2,setTotalLevBlocksToZero
FNDA:1,setTotalLevsToZero
FNDA:1,setTotalLevsToMany
FNDA:1,setFeeForTheStakingInterval
DA:18,5
DA:22,18
DA:26,2
DA:30,1
DA:34,1
DA:42,1
LF:6
LH:6
BRF:0
BRH:0
end_of_record
TN:
SF:/Users/tikonoff/projects/staking-master/contracts/mocks/StandardTockenMock.sol
FN:8,StandardTokenMock
FNF:1
FNH:1
FNDA:22,StandardTokenMock
DA:9,22
DA:10,22
LF:2
LH:2
BRF:0
BRH:0
end_of_record
TN:
SF:/Users/tikonoff/projects/staking-master/contracts/mocks/ValidatingMock.sol
FN:6,checkEmptyValidZero
FNF:1
FNH:1
FNDA:1,checkEmptyValidZero
DA:13,1
LF:1
LH:1
BRF:0
BRH:0
end_of_record
TN:
SF:/Users/tikonoff/projects/staking-master/contracts/Owned.sol
FN:19,onlyOwner
FN:25,onlyOperator
FN:30,setOperator
FN:35,removeOwner
FN:48,addOwner
FN:56,setOwners
FN:65,getOwners
FNF:7
FNH:7
FNDA:30,onlyOwner
FNDA:10,onlyOperator
FNDA:2,setOperator
FNDA:5,removeOwner
FNDA:2,addOwner
FNDA:14,setOwners
FNDA:3,getOwners
DA:21,30
DA:22,26
DA:26,10
DA:27,9
DA:31,2
DA:32,2
DA:36,5
DA:37,4
DA:38,4
DA:39,7
DA:40,1
DA:41,1
DA:44,4
DA:45,4
DA:49,2
DA:50,2
DA:51,2
DA:52,2
DA:53,2
DA:57,14
DA:58,26
DA:59,26
DA:60,26
DA:62,14
DA:66,3
LF:25
LH:25
BRDA:21,1,0,26
BRDA:21,1,1,4
BRDA:26,2,0,9
BRDA:26,2,1,1
BRDA:31,3,0,2
BRDA:31,3,1,0
BRDA:36,4,0,4
BRDA:36,4,1,1
BRDA:39,5,0,1
BRDA:39,5,1,6
BRDA:49,6,0,2
BRDA:49,6,1,0
BRDA:50,7,0,0
BRDA:50,7,1,2
BRDA:58,8,0,26
BRDA:58,8,1,0
BRF:16
BRH:12
end_of_record
TN:
SF:/Users/tikonoff/projects/staking-master/contracts/SafeMath.sol
FN:9,mul
FN:15,div
FN:22,sub
FN:27,add
FNF:4
FNH:4
FNDA:8,mul
FNDA:3,div
FNDA:18,sub
FNDA:21,add
DA:10,8
DA:11,8
DA:12,8
DA:17,3
DA:19,3
DA:23,18
DA:24,17
DA:28,21
DA:29,21
DA:30,21
LF:10
LH:10
BRDA:11,1,0,8
BRDA:11,1,1,0
BRDA:23,2,0,17
BRDA:23,2,1,1
BRDA:29,3,0,21
BRDA:29,3,1,0
BRF:6
BRH:4
end_of_record
TN:
SF:/Users/tikonoff/projects/staking-master/contracts/Stake.sol
FN:60,isStaking
FN:65,isDoneStaking
FN:70,
FN:75,Stake
FN:94,version
FN:98,checkOperator
FN:105,setLevToken
FN:111,setFeeToken
FN:117,setWallet
FN:125,stakeTokens
FN:136,revertFeeCalculatedFlag
FN:142,updateFeeForCurrentStakingInterval
FN:153,redeemLevAndFeeByStaker
FN:157,redeemLevAndFeeToStakers
FN:161,redeemLevAndFee
FN:181,startNewStakingInterval
FNF:16
FNH:16
FNDA:1,isStaking
FNDA:1,isDoneStaking
FNDA:1,
FNDA:5,Stake
FNDA:1,version
FNDA:1,checkOperator
FNDA:2,setLevToken
FNDA:1,setFeeToken
FNDA:1,setWallet
FNDA:4,stakeTokens
FNDA:8,revertFeeCalculatedFlag
FNDA:3,updateFeeForCurrentStakingInterval
FNDA:3,redeemLevAndFeeByStaker
FNDA:1,redeemLevAndFeeToStakers
FNDA:4,redeemLevAndFee
FNDA:3,startNewStakingInterval
DA:61,1
DA:62,0
DA:66,1
DA:67,1
DA:87,5
DA:88,5
DA:89,5
DA:90,5
DA:91,5
DA:95,1
DA:99,1
DA:106,2
DA:112,1
DA:118,1
DA:126,4
DA:128,3
DA:129,3
DA:130,3
DA:131,3
DA:132,3
DA:133,3
DA:137,8
DA:143,3
DA:144,2
DA:145,1
DA:146,1
DA:147,1
DA:148,1
DA:149,0
DA:154,3
DA:158,1
DA:162,4
DA:163,3
DA:165,2
DA:166,2
DA:167,2
DA:169,1
DA:170,1
DA:171,1
DA:172,1
DA:173,1
DA:174,1
DA:175,1
DA:188,3
DA:190,2
DA:191,2
DA:194,2
DA:195,2
DA:196,2
DA:197,2
LF:50
LH:48
BRDA:61,1,0,0
BRDA:61,1,1,1
BRDA:66,2,0,1
BRDA:66,2,1,0
BRDA:126,3,0,3
BRDA:126,3,1,1
BRDA:132,4,0,3
BRDA:132,4,1,0
BRDA:143,5,0,2
BRDA:143,5,1,1
BRDA:148,6,0,1
BRDA:148,6,1,0
BRDA:149,7,0,0
BRDA:149,7,1,0
BRDA:162,8,0,3
BRDA:162,8,1,1
BRDA:163,9,0,2
BRDA:163,9,1,1
BRDA:167,10,0,1
BRDA:167,10,1,1
BRDA:173,11,0,0
BRDA:173,11,1,1
BRDA:174,12,0,1
BRDA:174,12,1,0
BRDA:188,13,0,2
BRDA:188,13,1,1
BRF:26
BRH:18
end_of_record
TN:
SF:/Users/tikonoff/projects/staking-master/contracts/StandardToken.sol
FN:15,transfer
FN:27,transferFrom
FN:38,balanceOf
FN:42,approve
FN:48,allowance
FNF:5
FNH:5
FNDA:17,transfer
FNDA:9,transferFrom
FNDA:19,balanceOf
FNDA:20,approve
FNDA:11,allowance
DA:20,17
DA:21,15
DA:22,15
DA:23,15
DA:24,15
DA:30,9
DA:31,7
DA:32,7
DA:33,7
DA:34,7
DA:35,7
DA:39,19
DA:43,20
DA:44,20
DA:45,20
DA:49,11
LF:16
LH:16
BRDA:20,1,0,15
BRDA:20,1,1,2
BRDA:30,2,0,7
BRDA:30,2,1,2
BRF:4
BRH:4
end_of_record
TN:
SF:/Users/tikonoff/projects/staking-master/contracts/Token.sol
FNF:0
FNH:0
LF:0
LH:0
BRF:0
BRH:0
end_of_record
TN:
SF:/Users/tikonoff/projects/staking-master/contracts/Validating.sol
FN:6,validAddress
FN:11,notZero
FN:16,notEmpty
FNF:3
FNH:3
FNDA:36,validAddress
FNDA:23,notZero
FNDA:21,notEmpty
DA:7,36
DA:8,35
DA:12,23
DA:13,22
DA:17,21
DA:18,20
LF:6
LH:6
BRDA:7,1,0,35
BRDA:7,1,1,1
BRDA:12,2,0,22
BRDA:12,2,1,1
BRDA:17,3,0,20
BRDA:17,3,1,1
BRF:6
BRH:6
end_of_record
